<?xml version="1.0" encoding="UTF-8"?>
<!-- Generated by org.testng.reporters.JUnitReportReporter -->
<testsuite hostname="Zainab_intern" failures="0" tests="1" name="FileDownloadExample" time="2.946" errors="0" timestamp="2024-09-13T13:17:15 IST" skipped="0">
  <testcase classname="FileDownloadExample" name="testFileDownload" time="2.946"/>
</testsuite> <!-- FileDownloadExample -->
