<?xml version="1.0" encoding="UTF-8"?>
<!-- Generated by org.testng.reporters.JUnitReportReporter -->
<testsuite hostname="Zainab_intern" failures="0" tests="1" name="FileUploadExample" time="13.686" errors="0" timestamp="2024-09-13T13:17:54 IST" skipped="0">
  <testcase classname="FileUploadExample" name="testFileUpload" time="13.686"/>
</testsuite> <!-- FileUploadExample -->
