<?xml version="1.0" encoding="UTF-8"?>
<!-- Generated by org.testng.reporters.JUnitReportReporter -->
<testsuite hostname="Zainab_intern" failures="0" tests="1" name="AlertHandlingTest" time="5.390" errors="0" timestamp="2024-09-13T13:14:21 IST" skipped="0">
  <testcase classname="AlertHandlingTest" name="testAlertHandling" time="5.390"/>
</testsuite> <!-- AlertHandlingTest -->
